<?xml version="1.0" encoding="UTF-8"?>
<testng-results ignored="0" total="1" passed="1" failed="0" skipped="0">
  <reporter-output>
  </reporter-output>
  <suite started-at="2023-04-14T13:27:02 IST" name="Default suite" finished-at="2023-04-14T13:27:16 IST" duration-ms="14202">
    <groups>
    </groups>
    <test started-at="2023-04-14T13:27:02 IST" name="Default test" finished-at="2023-04-14T13:27:16 IST" duration-ms="14202">
      <class name="Examples.Mousehover">
        <test-method signature="mousehover()[pri:0, instance:Examples.Mousehover@4ef37659]" started-at="2023-04-14T13:27:02 IST" name="mousehover" finished-at="2023-04-14T13:27:16 IST" duration-ms="14178" status="PASS">
          <reporter-output>
          </reporter-output>
        </test-method> <!-- mousehover -->
      </class> <!-- Examples.Mousehover -->
    </test> <!-- Default test -->
  </suite> <!-- Default suite -->
</testng-results>
